/*C6*/SET SCHEMA PUBLIC
DISCONNECT
/*C5*/SET SCHEMA PUBLIC
INSERT INTO USUARIOS VALUES('Alex','lokoo12','alex@gmail.com')
COMMIT
INSERT INTO USUARIOS VALUES('Adri','adri12','adri@gmail.com')
COMMIT
/*C7*/SET SCHEMA PUBLIC
DISCONNECT
/*C8*/SET SCHEMA PUBLIC
DISCONNECT
/*C5*/DELETE FROM USUARIOS WHERE USUARIO='Adri' AND CONTRASENYA='adri12'
DELETE FROM USUARIOS WHERE USUARIO='Alex' AND CONTRASENYA='lokoo12'
COMMIT
/*C9*/SET SCHEMA PUBLIC
INSERT INTO USUARIOS VALUES('Alex','lokoo12','alex@gmail.com')
COMMIT
DISCONNECT
/*C5*/DELETE FROM USUARIOS WHERE USUARIO='Alex' AND CONTRASENYA='lokoo12'
COMMIT
/*C10*/SET SCHEMA PUBLIC
INSERT INTO USUARIOS VALUES('Alex','lokoo12','alex@gmail.com')
COMMIT
DISCONNECT
/*C11*/SET SCHEMA PUBLIC
DISCONNECT
/*C12*/SET SCHEMA PUBLIC
DISCONNECT
/*C13*/SET SCHEMA PUBLIC
DISCONNECT
/*C14*/SET SCHEMA PUBLIC
DISCONNECT
/*C15*/SET SCHEMA PUBLIC
INSERT INTO USUARIOS VALUES('Adri','adri12','adri@gmail.com')
COMMIT
DISCONNECT
/*C16*/SET SCHEMA PUBLIC
INSERT INTO USUARIOS VALUES('Mica','mica15','mica@gmail.com')
COMMIT
DISCONNECT
/*C17*/SET SCHEMA PUBLIC
DISCONNECT
/*C18*/SET SCHEMA PUBLIC
DISCONNECT
/*C19*/SET SCHEMA PUBLIC
DISCONNECT
/*C20*/SET SCHEMA PUBLIC
INSERT INTO USUARIOS VALUES('Dana','dana21','dana@gmail.com')
COMMIT
DISCONNECT
/*C21*/SET SCHEMA PUBLIC
DISCONNECT
/*C5*/DISCONNECT
